{"op_code":0,"worker_id":"72b3a9e6-0cb1-48d6-8797-5921b169fc27-5092","study_name":"hyper-parameter-tuning-rf","directions":[2]}
{"op_code":4,"worker_id":"72b3a9e6-0cb1-48d6-8797-5921b169fc27-5092","study_id":0,"datetime_start":"2025-01-26T01:12:10.712363"}
{"op_code":5,"worker_id":"72b3a9e6-0cb1-48d6-8797-5921b169fc27-5092","trial_id":0,"param_name":"n_estimators","param_value_internal":3.0,"distribution":"{\"name\": \"IntDistribution\", \"attributes\": {\"log\": false, \"step\": 1, \"low\": 2, \"high\": 100}}"}
{"op_code":5,"worker_id":"72b3a9e6-0cb1-48d6-8797-5921b169fc27-5092","trial_id":0,"param_name":"max_depth","param_value_internal":4.0,"distribution":"{\"name\": \"IntDistribution\", \"attributes\": {\"log\": false, \"step\": 1, \"low\": 3, \"high\": 15}}"}
{"op_code":5,"worker_id":"72b3a9e6-0cb1-48d6-8797-5921b169fc27-5092","trial_id":0,"param_name":"min_samples_split","param_value_internal":4.0,"distribution":"{\"name\": \"IntDistribution\", \"attributes\": {\"log\": false, \"step\": 1, \"low\": 2, \"high\": 5}}"}
{"op_code":6,"worker_id":"72b3a9e6-0cb1-48d6-8797-5921b169fc27-5092","trial_id":0,"state":1,"values":[0.9666666666666667],"datetime_complete":"2025-01-26T01:12:10.744578"}
{"op_code":4,"worker_id":"72b3a9e6-0cb1-48d6-8797-5921b169fc27-5092","study_id":0,"datetime_start":"2025-01-26T01:12:10.744578"}
{"op_code":5,"worker_id":"72b3a9e6-0cb1-48d6-8797-5921b169fc27-5092","trial_id":1,"param_name":"n_estimators","param_value_internal":66.0,"distribution":"{\"name\": \"IntDistribution\", \"attributes\": {\"log\": false, \"step\": 1, \"low\": 2, \"high\": 100}}"}
{"op_code":5,"worker_id":"72b3a9e6-0cb1-48d6-8797-5921b169fc27-5092","trial_id":1,"param_name":"max_depth","param_value_internal":8.0,"distribution":"{\"name\": \"IntDistribution\", \"attributes\": {\"log\": false, \"step\": 1, \"low\": 3, \"high\": 15}}"}
{"op_code":5,"worker_id":"72b3a9e6-0cb1-48d6-8797-5921b169fc27-5092","trial_id":1,"param_name":"min_samples_split","param_value_internal":3.0,"distribution":"{\"name\": \"IntDistribution\", \"attributes\": {\"log\": false, \"step\": 1, \"low\": 2, \"high\": 5}}"}
{"op_code":6,"worker_id":"72b3a9e6-0cb1-48d6-8797-5921b169fc27-5092","trial_id":1,"state":1,"values":[1.0],"datetime_complete":"2025-01-26T01:12:10.823356"}
{"op_code":4,"worker_id":"72b3a9e6-0cb1-48d6-8797-5921b169fc27-5092","study_id":0,"datetime_start":"2025-01-26T01:12:10.839124"}
{"op_code":5,"worker_id":"72b3a9e6-0cb1-48d6-8797-5921b169fc27-5092","trial_id":2,"param_name":"n_estimators","param_value_internal":23.0,"distribution":"{\"name\": \"IntDistribution\", \"attributes\": {\"log\": false, \"step\": 1, \"low\": 2, \"high\": 100}}"}
{"op_code":5,"worker_id":"72b3a9e6-0cb1-48d6-8797-5921b169fc27-5092","trial_id":2,"param_name":"max_depth","param_value_internal":4.0,"distribution":"{\"name\": \"IntDistribution\", \"attributes\": {\"log\": false, \"step\": 1, \"low\": 3, \"high\": 15}}"}
{"op_code":5,"worker_id":"72b3a9e6-0cb1-48d6-8797-5921b169fc27-5092","trial_id":2,"param_name":"min_samples_split","param_value_internal":4.0,"distribution":"{\"name\": \"IntDistribution\", \"attributes\": {\"log\": false, \"step\": 1, \"low\": 2, \"high\": 5}}"}
{"op_code":6,"worker_id":"72b3a9e6-0cb1-48d6-8797-5921b169fc27-5092","trial_id":2,"state":1,"values":[1.0],"datetime_complete":"2025-01-26T01:12:10.871027"}
{"op_code":4,"worker_id":"72b3a9e6-0cb1-48d6-8797-5921b169fc27-5092","study_id":0,"datetime_start":"2025-01-26T01:12:10.886798"}
{"op_code":5,"worker_id":"72b3a9e6-0cb1-48d6-8797-5921b169fc27-5092","trial_id":3,"param_name":"n_estimators","param_value_internal":85.0,"distribution":"{\"name\": \"IntDistribution\", \"attributes\": {\"log\": false, \"step\": 1, \"low\": 2, \"high\": 100}}"}
{"op_code":5,"worker_id":"72b3a9e6-0cb1-48d6-8797-5921b169fc27-5092","trial_id":3,"param_name":"max_depth","param_value_internal":13.0,"distribution":"{\"name\": \"IntDistribution\", \"attributes\": {\"log\": false, \"step\": 1, \"low\": 3, \"high\": 15}}"}
{"op_code":5,"worker_id":"72b3a9e6-0cb1-48d6-8797-5921b169fc27-5092","trial_id":3,"param_name":"min_samples_split","param_value_internal":2.0,"distribution":"{\"name\": \"IntDistribution\", \"attributes\": {\"log\": false, \"step\": 1, \"low\": 2, \"high\": 5}}"}
{"op_code":6,"worker_id":"72b3a9e6-0cb1-48d6-8797-5921b169fc27-5092","trial_id":3,"state":1,"values":[1.0],"datetime_complete":"2025-01-26T01:12:10.982515"}
{"op_code":4,"worker_id":"72b3a9e6-0cb1-48d6-8797-5921b169fc27-5092","study_id":0,"datetime_start":"2025-01-26T01:12:10.982515"}
{"op_code":5,"worker_id":"72b3a9e6-0cb1-48d6-8797-5921b169fc27-5092","trial_id":4,"param_name":"n_estimators","param_value_internal":90.0,"distribution":"{\"name\": \"IntDistribution\", \"attributes\": {\"log\": false, \"step\": 1, \"low\": 2, \"high\": 100}}"}
{"op_code":5,"worker_id":"72b3a9e6-0cb1-48d6-8797-5921b169fc27-5092","trial_id":4,"param_name":"max_depth","param_value_internal":9.0,"distribution":"{\"name\": \"IntDistribution\", \"attributes\": {\"log\": false, \"step\": 1, \"low\": 3, \"high\": 15}}"}
{"op_code":5,"worker_id":"72b3a9e6-0cb1-48d6-8797-5921b169fc27-5092","trial_id":4,"param_name":"min_samples_split","param_value_internal":4.0,"distribution":"{\"name\": \"IntDistribution\", \"attributes\": {\"log\": false, \"step\": 1, \"low\": 2, \"high\": 5}}"}
{"op_code":6,"worker_id":"72b3a9e6-0cb1-48d6-8797-5921b169fc27-5092","trial_id":4,"state":1,"values":[1.0],"datetime_complete":"2025-01-26T01:12:11.097935"}
{"op_code":4,"worker_id":"72b3a9e6-0cb1-48d6-8797-5921b169fc27-5092","study_id":0,"datetime_start":"2025-01-26T01:12:11.097935"}
{"op_code":5,"worker_id":"72b3a9e6-0cb1-48d6-8797-5921b169fc27-5092","trial_id":5,"param_name":"n_estimators","param_value_internal":41.0,"distribution":"{\"name\": \"IntDistribution\", \"attributes\": {\"log\": false, \"step\": 1, \"low\": 2, \"high\": 100}}"}
{"op_code":5,"worker_id":"72b3a9e6-0cb1-48d6-8797-5921b169fc27-5092","trial_id":5,"param_name":"max_depth","param_value_internal":4.0,"distribution":"{\"name\": \"IntDistribution\", \"attributes\": {\"log\": false, \"step\": 1, \"low\": 3, \"high\": 15}}"}
{"op_code":5,"worker_id":"72b3a9e6-0cb1-48d6-8797-5921b169fc27-5092","trial_id":5,"param_name":"min_samples_split","param_value_internal":4.0,"distribution":"{\"name\": \"IntDistribution\", \"attributes\": {\"log\": false, \"step\": 1, \"low\": 2, \"high\": 5}}"}
{"op_code":6,"worker_id":"72b3a9e6-0cb1-48d6-8797-5921b169fc27-5092","trial_id":5,"state":1,"values":[1.0],"datetime_complete":"2025-01-26T01:12:11.157749"}
{"op_code":4,"worker_id":"72b3a9e6-0cb1-48d6-8797-5921b169fc27-5092","study_id":0,"datetime_start":"2025-01-26T01:12:11.173549"}
{"op_code":5,"worker_id":"72b3a9e6-0cb1-48d6-8797-5921b169fc27-5092","trial_id":6,"param_name":"n_estimators","param_value_internal":55.0,"distribution":"{\"name\": \"IntDistribution\", \"attributes\": {\"log\": false, \"step\": 1, \"low\": 2, \"high\": 100}}"}
{"op_code":5,"worker_id":"72b3a9e6-0cb1-48d6-8797-5921b169fc27-5092","trial_id":6,"param_name":"max_depth","param_value_internal":8.0,"distribution":"{\"name\": \"IntDistribution\", \"attributes\": {\"log\": false, \"step\": 1, \"low\": 3, \"high\": 15}}"}
{"op_code":5,"worker_id":"72b3a9e6-0cb1-48d6-8797-5921b169fc27-5092","trial_id":6,"param_name":"min_samples_split","param_value_internal":2.0,"distribution":"{\"name\": \"IntDistribution\", \"attributes\": {\"log\": false, \"step\": 1, \"low\": 2, \"high\": 5}}"}
{"op_code":6,"worker_id":"72b3a9e6-0cb1-48d6-8797-5921b169fc27-5092","trial_id":6,"state":1,"values":[1.0],"datetime_complete":"2025-01-26T01:12:11.236902"}
{"op_code":4,"worker_id":"72b3a9e6-0cb1-48d6-8797-5921b169fc27-5092","study_id":0,"datetime_start":"2025-01-26T01:12:11.252549"}
{"op_code":5,"worker_id":"72b3a9e6-0cb1-48d6-8797-5921b169fc27-5092","trial_id":7,"param_name":"n_estimators","param_value_internal":48.0,"distribution":"{\"name\": \"IntDistribution\", \"attributes\": {\"log\": false, \"step\": 1, \"low\": 2, \"high\": 100}}"}
{"op_code":5,"worker_id":"72b3a9e6-0cb1-48d6-8797-5921b169fc27-5092","trial_id":7,"param_name":"max_depth","param_value_internal":5.0,"distribution":"{\"name\": \"IntDistribution\", \"attributes\": {\"log\": false, \"step\": 1, \"low\": 3, \"high\": 15}}"}
{"op_code":5,"worker_id":"72b3a9e6-0cb1-48d6-8797-5921b169fc27-5092","trial_id":7,"param_name":"min_samples_split","param_value_internal":5.0,"distribution":"{\"name\": \"IntDistribution\", \"attributes\": {\"log\": false, \"step\": 1, \"low\": 2, \"high\": 5}}"}
{"op_code":6,"worker_id":"72b3a9e6-0cb1-48d6-8797-5921b169fc27-5092","trial_id":7,"state":1,"values":[1.0],"datetime_complete":"2025-01-26T01:12:11.316406"}
{"op_code":4,"worker_id":"72b3a9e6-0cb1-48d6-8797-5921b169fc27-5092","study_id":0,"datetime_start":"2025-01-26T01:12:11.316406"}
{"op_code":5,"worker_id":"72b3a9e6-0cb1-48d6-8797-5921b169fc27-5092","trial_id":8,"param_name":"n_estimators","param_value_internal":18.0,"distribution":"{\"name\": \"IntDistribution\", \"attributes\": {\"log\": false, \"step\": 1, \"low\": 2, \"high\": 100}}"}
{"op_code":5,"worker_id":"72b3a9e6-0cb1-48d6-8797-5921b169fc27-5092","trial_id":8,"param_name":"max_depth","param_value_internal":4.0,"distribution":"{\"name\": \"IntDistribution\", \"attributes\": {\"log\": false, \"step\": 1, \"low\": 3, \"high\": 15}}"}
{"op_code":5,"worker_id":"72b3a9e6-0cb1-48d6-8797-5921b169fc27-5092","trial_id":8,"param_name":"min_samples_split","param_value_internal":4.0,"distribution":"{\"name\": \"IntDistribution\", \"attributes\": {\"log\": false, \"step\": 1, \"low\": 2, \"high\": 5}}"}
{"op_code":6,"worker_id":"72b3a9e6-0cb1-48d6-8797-5921b169fc27-5092","trial_id":8,"state":1,"values":[1.0],"datetime_complete":"2025-01-26T01:12:11.364121"}
{"op_code":4,"worker_id":"72b3a9e6-0cb1-48d6-8797-5921b169fc27-5092","study_id":0,"datetime_start":"2025-01-26T01:12:11.364121"}
{"op_code":5,"worker_id":"72b3a9e6-0cb1-48d6-8797-5921b169fc27-5092","trial_id":9,"param_name":"n_estimators","param_value_internal":90.0,"distribution":"{\"name\": \"IntDistribution\", \"attributes\": {\"log\": false, \"step\": 1, \"low\": 2, \"high\": 100}}"}
{"op_code":5,"worker_id":"72b3a9e6-0cb1-48d6-8797-5921b169fc27-5092","trial_id":9,"param_name":"max_depth","param_value_internal":5.0,"distribution":"{\"name\": \"IntDistribution\", \"attributes\": {\"log\": false, \"step\": 1, \"low\": 3, \"high\": 15}}"}
{"op_code":5,"worker_id":"72b3a9e6-0cb1-48d6-8797-5921b169fc27-5092","trial_id":9,"param_name":"min_samples_split","param_value_internal":5.0,"distribution":"{\"name\": \"IntDistribution\", \"attributes\": {\"log\": false, \"step\": 1, \"low\": 2, \"high\": 5}}"}
{"op_code":6,"worker_id":"72b3a9e6-0cb1-48d6-8797-5921b169fc27-5092","trial_id":9,"state":1,"values":[1.0],"datetime_complete":"2025-01-26T01:12:11.460351"}
{"op_code":4,"worker_id":"72b3a9e6-0cb1-48d6-8797-5921b169fc27-5092","study_id":0,"datetime_start":"2025-01-26T01:12:11.476147"}
{"op_code":5,"worker_id":"72b3a9e6-0cb1-48d6-8797-5921b169fc27-5092","trial_id":10,"param_name":"n_estimators","param_value_internal":67.0,"distribution":"{\"name\": \"IntDistribution\", \"attributes\": {\"log\": false, \"step\": 1, \"low\": 2, \"high\": 100}}"}
{"op_code":5,"worker_id":"72b3a9e6-0cb1-48d6-8797-5921b169fc27-5092","trial_id":10,"param_name":"max_depth","param_value_internal":13.0,"distribution":"{\"name\": \"IntDistribution\", \"attributes\": {\"log\": false, \"step\": 1, \"low\": 3, \"high\": 15}}"}
{"op_code":5,"worker_id":"72b3a9e6-0cb1-48d6-8797-5921b169fc27-5092","trial_id":10,"param_name":"min_samples_split","param_value_internal":3.0,"distribution":"{\"name\": \"IntDistribution\", \"attributes\": {\"log\": false, \"step\": 1, \"low\": 2, \"high\": 5}}"}
{"op_code":6,"worker_id":"72b3a9e6-0cb1-48d6-8797-5921b169fc27-5092","trial_id":10,"state":1,"values":[1.0],"datetime_complete":"2025-01-26T01:12:11.571942"}
{"op_code":4,"worker_id":"72b3a9e6-0cb1-48d6-8797-5921b169fc27-5092","study_id":0,"datetime_start":"2025-01-26T01:12:11.571942"}
{"op_code":5,"worker_id":"72b3a9e6-0cb1-48d6-8797-5921b169fc27-5092","trial_id":11,"param_name":"n_estimators","param_value_internal":31.0,"distribution":"{\"name\": \"IntDistribution\", \"attributes\": {\"log\": false, \"step\": 1, \"low\": 2, \"high\": 100}}"}
{"op_code":5,"worker_id":"72b3a9e6-0cb1-48d6-8797-5921b169fc27-5092","trial_id":11,"param_name":"max_depth","param_value_internal":7.0,"distribution":"{\"name\": \"IntDistribution\", \"attributes\": {\"log\": false, \"step\": 1, \"low\": 3, \"high\": 15}}"}
{"op_code":5,"worker_id":"72b3a9e6-0cb1-48d6-8797-5921b169fc27-5092","trial_id":11,"param_name":"min_samples_split","param_value_internal":3.0,"distribution":"{\"name\": \"IntDistribution\", \"attributes\": {\"log\": false, \"step\": 1, \"low\": 2, \"high\": 5}}"}
{"op_code":6,"worker_id":"72b3a9e6-0cb1-48d6-8797-5921b169fc27-5092","trial_id":11,"state":1,"values":[1.0],"datetime_complete":"2025-01-26T01:12:11.634950"}
{"op_code":4,"worker_id":"72b3a9e6-0cb1-48d6-8797-5921b169fc27-5092","study_id":0,"datetime_start":"2025-01-26T01:12:11.634950"}
{"op_code":5,"worker_id":"72b3a9e6-0cb1-48d6-8797-5921b169fc27-5092","trial_id":12,"param_name":"n_estimators","param_value_internal":68.0,"distribution":"{\"name\": \"IntDistribution\", \"attributes\": {\"log\": false, \"step\": 1, \"low\": 2, \"high\": 100}}"}
{"op_code":5,"worker_id":"72b3a9e6-0cb1-48d6-8797-5921b169fc27-5092","trial_id":12,"param_name":"max_depth","param_value_internal":10.0,"distribution":"{\"name\": \"IntDistribution\", \"attributes\": {\"log\": false, \"step\": 1, \"low\": 3, \"high\": 15}}"}
{"op_code":5,"worker_id":"72b3a9e6-0cb1-48d6-8797-5921b169fc27-5092","trial_id":12,"param_name":"min_samples_split","param_value_internal":3.0,"distribution":"{\"name\": \"IntDistribution\", \"attributes\": {\"log\": false, \"step\": 1, \"low\": 2, \"high\": 5}}"}
{"op_code":6,"worker_id":"72b3a9e6-0cb1-48d6-8797-5921b169fc27-5092","trial_id":12,"state":1,"values":[1.0],"datetime_complete":"2025-01-26T01:12:11.730249"}
{"op_code":4,"worker_id":"72b3a9e6-0cb1-48d6-8797-5921b169fc27-5092","study_id":0,"datetime_start":"2025-01-26T01:12:11.746084"}
{"op_code":5,"worker_id":"72b3a9e6-0cb1-48d6-8797-5921b169fc27-5092","trial_id":13,"param_name":"n_estimators","param_value_internal":23.0,"distribution":"{\"name\": \"IntDistribution\", \"attributes\": {\"log\": false, \"step\": 1, \"low\": 2, \"high\": 100}}"}
{"op_code":5,"worker_id":"72b3a9e6-0cb1-48d6-8797-5921b169fc27-5092","trial_id":13,"param_name":"max_depth","param_value_internal":11.0,"distribution":"{\"name\": \"IntDistribution\", \"attributes\": {\"log\": false, \"step\": 1, \"low\": 3, \"high\": 15}}"}
{"op_code":5,"worker_id":"72b3a9e6-0cb1-48d6-8797-5921b169fc27-5092","trial_id":13,"param_name":"min_samples_split","param_value_internal":3.0,"distribution":"{\"name\": \"IntDistribution\", \"attributes\": {\"log\": false, \"step\": 1, \"low\": 2, \"high\": 5}}"}
{"op_code":6,"worker_id":"72b3a9e6-0cb1-48d6-8797-5921b169fc27-5092","trial_id":13,"state":1,"values":[1.0],"datetime_complete":"2025-01-26T01:12:11.793514"}
{"op_code":4,"worker_id":"72b3a9e6-0cb1-48d6-8797-5921b169fc27-5092","study_id":0,"datetime_start":"2025-01-26T01:12:11.809447"}
{"op_code":5,"worker_id":"72b3a9e6-0cb1-48d6-8797-5921b169fc27-5092","trial_id":14,"param_name":"n_estimators","param_value_internal":69.0,"distribution":"{\"name\": \"IntDistribution\", \"attributes\": {\"log\": false, \"step\": 1, \"low\": 2, \"high\": 100}}"}
{"op_code":5,"worker_id":"72b3a9e6-0cb1-48d6-8797-5921b169fc27-5092","trial_id":14,"param_name":"max_depth","param_value_internal":7.0,"distribution":"{\"name\": \"IntDistribution\", \"attributes\": {\"log\": false, \"step\": 1, \"low\": 3, \"high\": 15}}"}
{"op_code":5,"worker_id":"72b3a9e6-0cb1-48d6-8797-5921b169fc27-5092","trial_id":14,"param_name":"min_samples_split","param_value_internal":2.0,"distribution":"{\"name\": \"IntDistribution\", \"attributes\": {\"log\": false, \"step\": 1, \"low\": 2, \"high\": 5}}"}
{"op_code":6,"worker_id":"72b3a9e6-0cb1-48d6-8797-5921b169fc27-5092","trial_id":14,"state":1,"values":[1.0],"datetime_complete":"2025-01-26T01:12:11.917558"}
{"op_code":4,"worker_id":"72b3a9e6-0cb1-48d6-8797-5921b169fc27-5092","study_id":0,"datetime_start":"2025-01-26T01:12:11.917558"}
{"op_code":5,"worker_id":"72b3a9e6-0cb1-48d6-8797-5921b169fc27-5092","trial_id":15,"param_name":"n_estimators","param_value_internal":35.0,"distribution":"{\"name\": \"IntDistribution\", \"attributes\": {\"log\": false, \"step\": 1, \"low\": 2, \"high\": 100}}"}
{"op_code":5,"worker_id":"72b3a9e6-0cb1-48d6-8797-5921b169fc27-5092","trial_id":15,"param_name":"max_depth","param_value_internal":15.0,"distribution":"{\"name\": \"IntDistribution\", \"attributes\": {\"log\": false, \"step\": 1, \"low\": 3, \"high\": 15}}"}
{"op_code":5,"worker_id":"72b3a9e6-0cb1-48d6-8797-5921b169fc27-5092","trial_id":15,"param_name":"min_samples_split","param_value_internal":5.0,"distribution":"{\"name\": \"IntDistribution\", \"attributes\": {\"log\": false, \"step\": 1, \"low\": 2, \"high\": 5}}"}
{"op_code":6,"worker_id":"72b3a9e6-0cb1-48d6-8797-5921b169fc27-5092","trial_id":15,"state":1,"values":[1.0],"datetime_complete":"2025-01-26T01:12:11.996833"}
{"op_code":4,"worker_id":"72b3a9e6-0cb1-48d6-8797-5921b169fc27-5092","study_id":0,"datetime_start":"2025-01-26T01:12:12.009413"}
{"op_code":5,"worker_id":"72b3a9e6-0cb1-48d6-8797-5921b169fc27-5092","trial_id":16,"param_name":"n_estimators","param_value_internal":3.0,"distribution":"{\"name\": \"IntDistribution\", \"attributes\": {\"log\": false, \"step\": 1, \"low\": 2, \"high\": 100}}"}
{"op_code":5,"worker_id":"72b3a9e6-0cb1-48d6-8797-5921b169fc27-5092","trial_id":16,"param_name":"max_depth","param_value_internal":6.0,"distribution":"{\"name\": \"IntDistribution\", \"attributes\": {\"log\": false, \"step\": 1, \"low\": 3, \"high\": 15}}"}
{"op_code":5,"worker_id":"72b3a9e6-0cb1-48d6-8797-5921b169fc27-5092","trial_id":16,"param_name":"min_samples_split","param_value_internal":3.0,"distribution":"{\"name\": \"IntDistribution\", \"attributes\": {\"log\": false, \"step\": 1, \"low\": 2, \"high\": 5}}"}
{"op_code":6,"worker_id":"72b3a9e6-0cb1-48d6-8797-5921b169fc27-5092","trial_id":16,"state":1,"values":[1.0],"datetime_complete":"2025-01-26T01:12:12.044167"}
{"op_code":4,"worker_id":"72b3a9e6-0cb1-48d6-8797-5921b169fc27-5092","study_id":0,"datetime_start":"2025-01-26T01:12:12.044167"}
{"op_code":5,"worker_id":"72b3a9e6-0cb1-48d6-8797-5921b169fc27-5092","trial_id":17,"param_name":"n_estimators","param_value_internal":59.0,"distribution":"{\"name\": \"IntDistribution\", \"attributes\": {\"log\": false, \"step\": 1, \"low\": 2, \"high\": 100}}"}
{"op_code":5,"worker_id":"72b3a9e6-0cb1-48d6-8797-5921b169fc27-5092","trial_id":17,"param_name":"max_depth","param_value_internal":3.0,"distribution":"{\"name\": \"IntDistribution\", \"attributes\": {\"log\": false, \"step\": 1, \"low\": 3, \"high\": 15}}"}
{"op_code":5,"worker_id":"72b3a9e6-0cb1-48d6-8797-5921b169fc27-5092","trial_id":17,"param_name":"min_samples_split","param_value_internal":4.0,"distribution":"{\"name\": \"IntDistribution\", \"attributes\": {\"log\": false, \"step\": 1, \"low\": 2, \"high\": 5}}"}
{"op_code":6,"worker_id":"72b3a9e6-0cb1-48d6-8797-5921b169fc27-5092","trial_id":17,"state":1,"values":[1.0],"datetime_complete":"2025-01-26T01:12:12.139966"}
{"op_code":4,"worker_id":"72b3a9e6-0cb1-48d6-8797-5921b169fc27-5092","study_id":0,"datetime_start":"2025-01-26T01:12:12.155711"}
{"op_code":5,"worker_id":"72b3a9e6-0cb1-48d6-8797-5921b169fc27-5092","trial_id":18,"param_name":"n_estimators","param_value_internal":76.0,"distribution":"{\"name\": \"IntDistribution\", \"attributes\": {\"log\": false, \"step\": 1, \"low\": 2, \"high\": 100}}"}
{"op_code":5,"worker_id":"72b3a9e6-0cb1-48d6-8797-5921b169fc27-5092","trial_id":18,"param_name":"max_depth","param_value_internal":11.0,"distribution":"{\"name\": \"IntDistribution\", \"attributes\": {\"log\": false, \"step\": 1, \"low\": 3, \"high\": 15}}"}
{"op_code":5,"worker_id":"72b3a9e6-0cb1-48d6-8797-5921b169fc27-5092","trial_id":18,"param_name":"min_samples_split","param_value_internal":3.0,"distribution":"{\"name\": \"IntDistribution\", \"attributes\": {\"log\": false, \"step\": 1, \"low\": 2, \"high\": 5}}"}
{"op_code":6,"worker_id":"72b3a9e6-0cb1-48d6-8797-5921b169fc27-5092","trial_id":18,"state":1,"values":[1.0],"datetime_complete":"2025-01-26T01:12:12.251153"}
{"op_code":4,"worker_id":"72b3a9e6-0cb1-48d6-8797-5921b169fc27-5092","study_id":0,"datetime_start":"2025-01-26T01:12:12.266929"}
{"op_code":5,"worker_id":"72b3a9e6-0cb1-48d6-8797-5921b169fc27-5092","trial_id":19,"param_name":"n_estimators","param_value_internal":17.0,"distribution":"{\"name\": \"IntDistribution\", \"attributes\": {\"log\": false, \"step\": 1, \"low\": 2, \"high\": 100}}"}
{"op_code":5,"worker_id":"72b3a9e6-0cb1-48d6-8797-5921b169fc27-5092","trial_id":19,"param_name":"max_depth","param_value_internal":8.0,"distribution":"{\"name\": \"IntDistribution\", \"attributes\": {\"log\": false, \"step\": 1, \"low\": 3, \"high\": 15}}"}
{"op_code":5,"worker_id":"72b3a9e6-0cb1-48d6-8797-5921b169fc27-5092","trial_id":19,"param_name":"min_samples_split","param_value_internal":4.0,"distribution":"{\"name\": \"IntDistribution\", \"attributes\": {\"log\": false, \"step\": 1, \"low\": 2, \"high\": 5}}"}
{"op_code":6,"worker_id":"72b3a9e6-0cb1-48d6-8797-5921b169fc27-5092","trial_id":19,"state":1,"values":[1.0],"datetime_complete":"2025-01-26T01:12:12.314876"}
{"op_code":4,"worker_id":"72b3a9e6-0cb1-48d6-8797-5921b169fc27-5092","study_id":0,"datetime_start":"2025-01-26T01:12:12.330629"}
{"op_code":5,"worker_id":"72b3a9e6-0cb1-48d6-8797-5921b169fc27-5092","trial_id":20,"param_name":"n_estimators","param_value_internal":45.0,"distribution":"{\"name\": \"IntDistribution\", \"attributes\": {\"log\": false, \"step\": 1, \"low\": 2, \"high\": 100}}"}
{"op_code":5,"worker_id":"72b3a9e6-0cb1-48d6-8797-5921b169fc27-5092","trial_id":20,"param_name":"max_depth","param_value_internal":3.0,"distribution":"{\"name\": \"IntDistribution\", \"attributes\": {\"log\": false, \"step\": 1, \"low\": 3, \"high\": 15}}"}
{"op_code":5,"worker_id":"72b3a9e6-0cb1-48d6-8797-5921b169fc27-5092","trial_id":20,"param_name":"min_samples_split","param_value_internal":2.0,"distribution":"{\"name\": \"IntDistribution\", \"attributes\": {\"log\": false, \"step\": 1, \"low\": 2, \"high\": 5}}"}
{"op_code":6,"worker_id":"72b3a9e6-0cb1-48d6-8797-5921b169fc27-5092","trial_id":20,"state":1,"values":[1.0],"datetime_complete":"2025-01-26T01:12:12.394757"}
{"op_code":4,"worker_id":"72b3a9e6-0cb1-48d6-8797-5921b169fc27-5092","study_id":0,"datetime_start":"2025-01-26T01:12:12.410465"}
{"op_code":5,"worker_id":"72b3a9e6-0cb1-48d6-8797-5921b169fc27-5092","trial_id":21,"param_name":"n_estimators","param_value_internal":97.0,"distribution":"{\"name\": \"IntDistribution\", \"attributes\": {\"log\": false, \"step\": 1, \"low\": 2, \"high\": 100}}"}
{"op_code":5,"worker_id":"72b3a9e6-0cb1-48d6-8797-5921b169fc27-5092","trial_id":21,"param_name":"max_depth","param_value_internal":13.0,"distribution":"{\"name\": \"IntDistribution\", \"attributes\": {\"log\": false, \"step\": 1, \"low\": 3, \"high\": 15}}"}
{"op_code":5,"worker_id":"72b3a9e6-0cb1-48d6-8797-5921b169fc27-5092","trial_id":21,"param_name":"min_samples_split","param_value_internal":2.0,"distribution":"{\"name\": \"IntDistribution\", \"attributes\": {\"log\": false, \"step\": 1, \"low\": 2, \"high\": 5}}"}
{"op_code":6,"worker_id":"72b3a9e6-0cb1-48d6-8797-5921b169fc27-5092","trial_id":21,"state":1,"values":[1.0],"datetime_complete":"2025-01-26T01:12:12.538036"}
{"op_code":4,"worker_id":"72b3a9e6-0cb1-48d6-8797-5921b169fc27-5092","study_id":0,"datetime_start":"2025-01-26T01:12:12.538036"}
{"op_code":5,"worker_id":"72b3a9e6-0cb1-48d6-8797-5921b169fc27-5092","trial_id":22,"param_name":"n_estimators","param_value_internal":78.0,"distribution":"{\"name\": \"IntDistribution\", \"attributes\": {\"log\": false, \"step\": 1, \"low\": 2, \"high\": 100}}"}
{"op_code":5,"worker_id":"72b3a9e6-0cb1-48d6-8797-5921b169fc27-5092","trial_id":22,"param_name":"max_depth","param_value_internal":15.0,"distribution":"{\"name\": \"IntDistribution\", \"attributes\": {\"log\": false, \"step\": 1, \"low\": 3, \"high\": 15}}"}
{"op_code":5,"worker_id":"72b3a9e6-0cb1-48d6-8797-5921b169fc27-5092","trial_id":22,"param_name":"min_samples_split","param_value_internal":2.0,"distribution":"{\"name\": \"IntDistribution\", \"attributes\": {\"log\": false, \"step\": 1, \"low\": 2, \"high\": 5}}"}
{"op_code":6,"worker_id":"72b3a9e6-0cb1-48d6-8797-5921b169fc27-5092","trial_id":22,"state":1,"values":[1.0],"datetime_complete":"2025-01-26T01:12:12.666963"}
{"op_code":4,"worker_id":"72b3a9e6-0cb1-48d6-8797-5921b169fc27-5092","study_id":0,"datetime_start":"2025-01-26T01:12:12.677002"}
{"op_code":5,"worker_id":"72b3a9e6-0cb1-48d6-8797-5921b169fc27-5092","trial_id":23,"param_name":"n_estimators","param_value_internal":83.0,"distribution":"{\"name\": \"IntDistribution\", \"attributes\": {\"log\": false, \"step\": 1, \"low\": 2, \"high\": 100}}"}
{"op_code":5,"worker_id":"72b3a9e6-0cb1-48d6-8797-5921b169fc27-5092","trial_id":23,"param_name":"max_depth","param_value_internal":13.0,"distribution":"{\"name\": \"IntDistribution\", \"attributes\": {\"log\": false, \"step\": 1, \"low\": 3, \"high\": 15}}"}
{"op_code":5,"worker_id":"72b3a9e6-0cb1-48d6-8797-5921b169fc27-5092","trial_id":23,"param_name":"min_samples_split","param_value_internal":2.0,"distribution":"{\"name\": \"IntDistribution\", \"attributes\": {\"log\": false, \"step\": 1, \"low\": 2, \"high\": 5}}"}
{"op_code":6,"worker_id":"72b3a9e6-0cb1-48d6-8797-5921b169fc27-5092","trial_id":23,"state":1,"values":[1.0],"datetime_complete":"2025-01-26T01:12:12.776411"}
{"op_code":4,"worker_id":"72b3a9e6-0cb1-48d6-8797-5921b169fc27-5092","study_id":0,"datetime_start":"2025-01-26T01:12:12.792132"}
{"op_code":5,"worker_id":"72b3a9e6-0cb1-48d6-8797-5921b169fc27-5092","trial_id":24,"param_name":"n_estimators","param_value_internal":62.0,"distribution":"{\"name\": \"IntDistribution\", \"attributes\": {\"log\": false, \"step\": 1, \"low\": 2, \"high\": 100}}"}
{"op_code":5,"worker_id":"72b3a9e6-0cb1-48d6-8797-5921b169fc27-5092","trial_id":24,"param_name":"max_depth","param_value_internal":11.0,"distribution":"{\"name\": \"IntDistribution\", \"attributes\": {\"log\": false, \"step\": 1, \"low\": 3, \"high\": 15}}"}
{"op_code":5,"worker_id":"72b3a9e6-0cb1-48d6-8797-5921b169fc27-5092","trial_id":24,"param_name":"min_samples_split","param_value_internal":3.0,"distribution":"{\"name\": \"IntDistribution\", \"attributes\": {\"log\": false, \"step\": 1, \"low\": 2, \"high\": 5}}"}
{"op_code":6,"worker_id":"72b3a9e6-0cb1-48d6-8797-5921b169fc27-5092","trial_id":24,"state":1,"values":[1.0],"datetime_complete":"2025-01-26T01:12:12.871701"}
{"op_code":4,"worker_id":"72b3a9e6-0cb1-48d6-8797-5921b169fc27-5092","study_id":0,"datetime_start":"2025-01-26T01:12:12.887454"}
{"op_code":5,"worker_id":"72b3a9e6-0cb1-48d6-8797-5921b169fc27-5092","trial_id":25,"param_name":"n_estimators","param_value_internal":99.0,"distribution":"{\"name\": \"IntDistribution\", \"attributes\": {\"log\": false, \"step\": 1, \"low\": 2, \"high\": 100}}"}
{"op_code":5,"worker_id":"72b3a9e6-0cb1-48d6-8797-5921b169fc27-5092","trial_id":25,"param_name":"max_depth","param_value_internal":9.0,"distribution":"{\"name\": \"IntDistribution\", \"attributes\": {\"log\": false, \"step\": 1, \"low\": 3, \"high\": 15}}"}
{"op_code":5,"worker_id":"72b3a9e6-0cb1-48d6-8797-5921b169fc27-5092","trial_id":25,"param_name":"min_samples_split","param_value_internal":4.0,"distribution":"{\"name\": \"IntDistribution\", \"attributes\": {\"log\": false, \"step\": 1, \"low\": 2, \"high\": 5}}"}
{"op_code":6,"worker_id":"72b3a9e6-0cb1-48d6-8797-5921b169fc27-5092","trial_id":25,"state":1,"values":[1.0],"datetime_complete":"2025-01-26T01:12:13.011173"}
{"op_code":4,"worker_id":"72b3a9e6-0cb1-48d6-8797-5921b169fc27-5092","study_id":0,"datetime_start":"2025-01-26T01:12:13.015113"}
{"op_code":5,"worker_id":"72b3a9e6-0cb1-48d6-8797-5921b169fc27-5092","trial_id":26,"param_name":"n_estimators","param_value_internal":85.0,"distribution":"{\"name\": \"IntDistribution\", \"attributes\": {\"log\": false, \"step\": 1, \"low\": 2, \"high\": 100}}"}
{"op_code":5,"worker_id":"72b3a9e6-0cb1-48d6-8797-5921b169fc27-5092","trial_id":26,"param_name":"max_depth","param_value_internal":12.0,"distribution":"{\"name\": \"IntDistribution\", \"attributes\": {\"log\": false, \"step\": 1, \"low\": 3, \"high\": 15}}"}
{"op_code":5,"worker_id":"72b3a9e6-0cb1-48d6-8797-5921b169fc27-5092","trial_id":26,"param_name":"min_samples_split","param_value_internal":3.0,"distribution":"{\"name\": \"IntDistribution\", \"attributes\": {\"log\": false, \"step\": 1, \"low\": 2, \"high\": 5}}"}
{"op_code":6,"worker_id":"72b3a9e6-0cb1-48d6-8797-5921b169fc27-5092","trial_id":26,"state":1,"values":[1.0],"datetime_complete":"2025-01-26T01:12:13.133306"}
{"op_code":4,"worker_id":"72b3a9e6-0cb1-48d6-8797-5921b169fc27-5092","study_id":0,"datetime_start":"2025-01-26T01:12:13.141408"}
{"op_code":5,"worker_id":"72b3a9e6-0cb1-48d6-8797-5921b169fc27-5092","trial_id":27,"param_name":"n_estimators","param_value_internal":75.0,"distribution":"{\"name\": \"IntDistribution\", \"attributes\": {\"log\": false, \"step\": 1, \"low\": 2, \"high\": 100}}"}
{"op_code":5,"worker_id":"72b3a9e6-0cb1-48d6-8797-5921b169fc27-5092","trial_id":27,"param_name":"max_depth","param_value_internal":6.0,"distribution":"{\"name\": \"IntDistribution\", \"attributes\": {\"log\": false, \"step\": 1, \"low\": 3, \"high\": 15}}"}
{"op_code":5,"worker_id":"72b3a9e6-0cb1-48d6-8797-5921b169fc27-5092","trial_id":27,"param_name":"min_samples_split","param_value_internal":2.0,"distribution":"{\"name\": \"IntDistribution\", \"attributes\": {\"log\": false, \"step\": 1, \"low\": 2, \"high\": 5}}"}
{"op_code":6,"worker_id":"72b3a9e6-0cb1-48d6-8797-5921b169fc27-5092","trial_id":27,"state":1,"values":[1.0],"datetime_complete":"2025-01-26T01:12:13.252304"}
{"op_code":4,"worker_id":"72b3a9e6-0cb1-48d6-8797-5921b169fc27-5092","study_id":0,"datetime_start":"2025-01-26T01:12:13.269105"}
{"op_code":5,"worker_id":"72b3a9e6-0cb1-48d6-8797-5921b169fc27-5092","trial_id":28,"param_name":"n_estimators","param_value_internal":57.0,"distribution":"{\"name\": \"IntDistribution\", \"attributes\": {\"log\": false, \"step\": 1, \"low\": 2, \"high\": 100}}"}
{"op_code":5,"worker_id":"72b3a9e6-0cb1-48d6-8797-5921b169fc27-5092","trial_id":28,"param_name":"max_depth","param_value_internal":14.0,"distribution":"{\"name\": \"IntDistribution\", \"attributes\": {\"log\": false, \"step\": 1, \"low\": 3, \"high\": 15}}"}
{"op_code":5,"worker_id":"72b3a9e6-0cb1-48d6-8797-5921b169fc27-5092","trial_id":28,"param_name":"min_samples_split","param_value_internal":5.0,"distribution":"{\"name\": \"IntDistribution\", \"attributes\": {\"log\": false, \"step\": 1, \"low\": 2, \"high\": 5}}"}
{"op_code":6,"worker_id":"72b3a9e6-0cb1-48d6-8797-5921b169fc27-5092","trial_id":28,"state":1,"values":[1.0],"datetime_complete":"2025-01-26T01:12:13.361170"}
{"op_code":4,"worker_id":"72b3a9e6-0cb1-48d6-8797-5921b169fc27-5092","study_id":0,"datetime_start":"2025-01-26T01:12:13.362915"}
{"op_code":5,"worker_id":"72b3a9e6-0cb1-48d6-8797-5921b169fc27-5092","trial_id":29,"param_name":"n_estimators","param_value_internal":5.0,"distribution":"{\"name\": \"IntDistribution\", \"attributes\": {\"log\": false, \"step\": 1, \"low\": 2, \"high\": 100}}"}
{"op_code":5,"worker_id":"72b3a9e6-0cb1-48d6-8797-5921b169fc27-5092","trial_id":29,"param_name":"max_depth","param_value_internal":10.0,"distribution":"{\"name\": \"IntDistribution\", \"attributes\": {\"log\": false, \"step\": 1, \"low\": 3, \"high\": 15}}"}
{"op_code":5,"worker_id":"72b3a9e6-0cb1-48d6-8797-5921b169fc27-5092","trial_id":29,"param_name":"min_samples_split","param_value_internal":4.0,"distribution":"{\"name\": \"IntDistribution\", \"attributes\": {\"log\": false, \"step\": 1, \"low\": 2, \"high\": 5}}"}
{"op_code":6,"worker_id":"72b3a9e6-0cb1-48d6-8797-5921b169fc27-5092","trial_id":29,"state":1,"values":[1.0],"datetime_complete":"2025-01-26T01:12:13.410609"}
{"op_code":4,"worker_id":"72b3a9e6-0cb1-48d6-8797-5921b169fc27-5092","study_id":0,"datetime_start":"2025-01-26T01:12:13.411614"}
{"op_code":5,"worker_id":"72b3a9e6-0cb1-48d6-8797-5921b169fc27-5092","trial_id":30,"param_name":"n_estimators","param_value_internal":37.0,"distribution":"{\"name\": \"IntDistribution\", \"attributes\": {\"log\": false, \"step\": 1, \"low\": 2, \"high\": 100}}"}
{"op_code":5,"worker_id":"72b3a9e6-0cb1-48d6-8797-5921b169fc27-5092","trial_id":30,"param_name":"max_depth","param_value_internal":8.0,"distribution":"{\"name\": \"IntDistribution\", \"attributes\": {\"log\": false, \"step\": 1, \"low\": 3, \"high\": 15}}"}
{"op_code":5,"worker_id":"72b3a9e6-0cb1-48d6-8797-5921b169fc27-5092","trial_id":30,"param_name":"min_samples_split","param_value_internal":3.0,"distribution":"{\"name\": \"IntDistribution\", \"attributes\": {\"log\": false, \"step\": 1, \"low\": 2, \"high\": 5}}"}
{"op_code":6,"worker_id":"72b3a9e6-0cb1-48d6-8797-5921b169fc27-5092","trial_id":30,"state":1,"values":[1.0],"datetime_complete":"2025-01-26T01:12:13.489008"}
{"op_code":4,"worker_id":"72b3a9e6-0cb1-48d6-8797-5921b169fc27-5092","study_id":0,"datetime_start":"2025-01-26T01:12:13.489008"}
{"op_code":5,"worker_id":"72b3a9e6-0cb1-48d6-8797-5921b169fc27-5092","trial_id":31,"param_name":"n_estimators","param_value_internal":93.0,"distribution":"{\"name\": \"IntDistribution\", \"attributes\": {\"log\": false, \"step\": 1, \"low\": 2, \"high\": 100}}"}
{"op_code":5,"worker_id":"72b3a9e6-0cb1-48d6-8797-5921b169fc27-5092","trial_id":31,"param_name":"max_depth","param_value_internal":9.0,"distribution":"{\"name\": \"IntDistribution\", \"attributes\": {\"log\": false, \"step\": 1, \"low\": 3, \"high\": 15}}"}
{"op_code":5,"worker_id":"72b3a9e6-0cb1-48d6-8797-5921b169fc27-5092","trial_id":31,"param_name":"min_samples_split","param_value_internal":4.0,"distribution":"{\"name\": \"IntDistribution\", \"attributes\": {\"log\": false, \"step\": 1, \"low\": 2, \"high\": 5}}"}
{"op_code":6,"worker_id":"72b3a9e6-0cb1-48d6-8797-5921b169fc27-5092","trial_id":31,"state":1,"values":[1.0],"datetime_complete":"2025-01-26T01:12:13.611871"}
{"op_code":4,"worker_id":"72b3a9e6-0cb1-48d6-8797-5921b169fc27-5092","study_id":0,"datetime_start":"2025-01-26T01:12:13.614663"}
{"op_code":5,"worker_id":"72b3a9e6-0cb1-48d6-8797-5921b169fc27-5092","trial_id":32,"param_name":"n_estimators","param_value_internal":86.0,"distribution":"{\"name\": \"IntDistribution\", \"attributes\": {\"log\": false, \"step\": 1, \"low\": 2, \"high\": 100}}"}
{"op_code":5,"worker_id":"72b3a9e6-0cb1-48d6-8797-5921b169fc27-5092","trial_id":32,"param_name":"max_depth","param_value_internal":10.0,"distribution":"{\"name\": \"IntDistribution\", \"attributes\": {\"log\": false, \"step\": 1, \"low\": 3, \"high\": 15}}"}
{"op_code":5,"worker_id":"72b3a9e6-0cb1-48d6-8797-5921b169fc27-5092","trial_id":32,"param_name":"min_samples_split","param_value_internal":4.0,"distribution":"{\"name\": \"IntDistribution\", \"attributes\": {\"log\": false, \"step\": 1, \"low\": 2, \"high\": 5}}"}
{"op_code":6,"worker_id":"72b3a9e6-0cb1-48d6-8797-5921b169fc27-5092","trial_id":32,"state":1,"values":[1.0],"datetime_complete":"2025-01-26T01:12:13.731075"}
{"op_code":4,"worker_id":"72b3a9e6-0cb1-48d6-8797-5921b169fc27-5092","study_id":0,"datetime_start":"2025-01-26T01:12:13.731075"}
{"op_code":5,"worker_id":"72b3a9e6-0cb1-48d6-8797-5921b169fc27-5092","trial_id":33,"param_name":"n_estimators","param_value_internal":78.0,"distribution":"{\"name\": \"IntDistribution\", \"attributes\": {\"log\": false, \"step\": 1, \"low\": 2, \"high\": 100}}"}
{"op_code":5,"worker_id":"72b3a9e6-0cb1-48d6-8797-5921b169fc27-5092","trial_id":33,"param_name":"max_depth","param_value_internal":7.0,"distribution":"{\"name\": \"IntDistribution\", \"attributes\": {\"log\": false, \"step\": 1, \"low\": 3, \"high\": 15}}"}
{"op_code":5,"worker_id":"72b3a9e6-0cb1-48d6-8797-5921b169fc27-5092","trial_id":33,"param_name":"min_samples_split","param_value_internal":4.0,"distribution":"{\"name\": \"IntDistribution\", \"attributes\": {\"log\": false, \"step\": 1, \"low\": 2, \"high\": 5}}"}
{"op_code":6,"worker_id":"72b3a9e6-0cb1-48d6-8797-5921b169fc27-5092","trial_id":33,"state":1,"values":[1.0],"datetime_complete":"2025-01-26T01:12:13.839515"}
{"op_code":4,"worker_id":"72b3a9e6-0cb1-48d6-8797-5921b169fc27-5092","study_id":0,"datetime_start":"2025-01-26T01:12:13.839515"}
{"op_code":5,"worker_id":"72b3a9e6-0cb1-48d6-8797-5921b169fc27-5092","trial_id":34,"param_name":"n_estimators","param_value_internal":53.0,"distribution":"{\"name\": \"IntDistribution\", \"attributes\": {\"log\": false, \"step\": 1, \"low\": 2, \"high\": 100}}"}
{"op_code":5,"worker_id":"72b3a9e6-0cb1-48d6-8797-5921b169fc27-5092","trial_id":34,"param_name":"max_depth","param_value_internal":8.0,"distribution":"{\"name\": \"IntDistribution\", \"attributes\": {\"log\": false, \"step\": 1, \"low\": 3, \"high\": 15}}"}
{"op_code":5,"worker_id":"72b3a9e6-0cb1-48d6-8797-5921b169fc27-5092","trial_id":34,"param_name":"min_samples_split","param_value_internal":4.0,"distribution":"{\"name\": \"IntDistribution\", \"attributes\": {\"log\": false, \"step\": 1, \"low\": 2, \"high\": 5}}"}
{"op_code":6,"worker_id":"72b3a9e6-0cb1-48d6-8797-5921b169fc27-5092","trial_id":34,"state":1,"values":[1.0],"datetime_complete":"2025-01-26T01:12:13.938465"}
{"op_code":4,"worker_id":"72b3a9e6-0cb1-48d6-8797-5921b169fc27-5092","study_id":0,"datetime_start":"2025-01-26T01:12:13.946448"}
{"op_code":5,"worker_id":"72b3a9e6-0cb1-48d6-8797-5921b169fc27-5092","trial_id":35,"param_name":"n_estimators","param_value_internal":88.0,"distribution":"{\"name\": \"IntDistribution\", \"attributes\": {\"log\": false, \"step\": 1, \"low\": 2, \"high\": 100}}"}
{"op_code":5,"worker_id":"72b3a9e6-0cb1-48d6-8797-5921b169fc27-5092","trial_id":35,"param_name":"max_depth","param_value_internal":5.0,"distribution":"{\"name\": \"IntDistribution\", \"attributes\": {\"log\": false, \"step\": 1, \"low\": 3, \"high\": 15}}"}
{"op_code":5,"worker_id":"72b3a9e6-0cb1-48d6-8797-5921b169fc27-5092","trial_id":35,"param_name":"min_samples_split","param_value_internal":5.0,"distribution":"{\"name\": \"IntDistribution\", \"attributes\": {\"log\": false, \"step\": 1, \"low\": 2, \"high\": 5}}"}
{"op_code":6,"worker_id":"72b3a9e6-0cb1-48d6-8797-5921b169fc27-5092","trial_id":35,"state":1,"values":[1.0],"datetime_complete":"2025-01-26T01:12:14.059665"}
{"op_code":4,"worker_id":"72b3a9e6-0cb1-48d6-8797-5921b169fc27-5092","study_id":0,"datetime_start":"2025-01-26T01:12:14.059665"}
{"op_code":5,"worker_id":"72b3a9e6-0cb1-48d6-8797-5921b169fc27-5092","trial_id":36,"param_name":"n_estimators","param_value_internal":93.0,"distribution":"{\"name\": \"IntDistribution\", \"attributes\": {\"log\": false, \"step\": 1, \"low\": 2, \"high\": 100}}"}
{"op_code":5,"worker_id":"72b3a9e6-0cb1-48d6-8797-5921b169fc27-5092","trial_id":36,"param_name":"max_depth","param_value_internal":4.0,"distribution":"{\"name\": \"IntDistribution\", \"attributes\": {\"log\": false, \"step\": 1, \"low\": 3, \"high\": 15}}"}
{"op_code":5,"worker_id":"72b3a9e6-0cb1-48d6-8797-5921b169fc27-5092","trial_id":36,"param_name":"min_samples_split","param_value_internal":4.0,"distribution":"{\"name\": \"IntDistribution\", \"attributes\": {\"log\": false, \"step\": 1, \"low\": 2, \"high\": 5}}"}
{"op_code":6,"worker_id":"72b3a9e6-0cb1-48d6-8797-5921b169fc27-5092","trial_id":36,"state":1,"values":[1.0],"datetime_complete":"2025-01-26T01:12:14.186767"}
{"op_code":4,"worker_id":"72b3a9e6-0cb1-48d6-8797-5921b169fc27-5092","study_id":0,"datetime_start":"2025-01-26T01:12:14.202924"}
{"op_code":5,"worker_id":"72b3a9e6-0cb1-48d6-8797-5921b169fc27-5092","trial_id":37,"param_name":"n_estimators","param_value_internal":65.0,"distribution":"{\"name\": \"IntDistribution\", \"attributes\": {\"log\": false, \"step\": 1, \"low\": 2, \"high\": 100}}"}
{"op_code":5,"worker_id":"72b3a9e6-0cb1-48d6-8797-5921b169fc27-5092","trial_id":37,"param_name":"max_depth","param_value_internal":12.0,"distribution":"{\"name\": \"IntDistribution\", \"attributes\": {\"log\": false, \"step\": 1, \"low\": 3, \"high\": 15}}"}
{"op_code":5,"worker_id":"72b3a9e6-0cb1-48d6-8797-5921b169fc27-5092","trial_id":37,"param_name":"min_samples_split","param_value_internal":4.0,"distribution":"{\"name\": \"IntDistribution\", \"attributes\": {\"log\": false, \"step\": 1, \"low\": 2, \"high\": 5}}"}
{"op_code":6,"worker_id":"72b3a9e6-0cb1-48d6-8797-5921b169fc27-5092","trial_id":37,"state":1,"values":[1.0],"datetime_complete":"2025-01-26T01:12:14.298288"}
{"op_code":4,"worker_id":"72b3a9e6-0cb1-48d6-8797-5921b169fc27-5092","study_id":0,"datetime_start":"2025-01-26T01:12:14.298288"}
{"op_code":5,"worker_id":"72b3a9e6-0cb1-48d6-8797-5921b169fc27-5092","trial_id":38,"param_name":"n_estimators","param_value_internal":49.0,"distribution":"{\"name\": \"IntDistribution\", \"attributes\": {\"log\": false, \"step\": 1, \"low\": 2, \"high\": 100}}"}
{"op_code":5,"worker_id":"72b3a9e6-0cb1-48d6-8797-5921b169fc27-5092","trial_id":38,"param_name":"max_depth","param_value_internal":6.0,"distribution":"{\"name\": \"IntDistribution\", \"attributes\": {\"log\": false, \"step\": 1, \"low\": 3, \"high\": 15}}"}
{"op_code":5,"worker_id":"72b3a9e6-0cb1-48d6-8797-5921b169fc27-5092","trial_id":38,"param_name":"min_samples_split","param_value_internal":5.0,"distribution":"{\"name\": \"IntDistribution\", \"attributes\": {\"log\": false, \"step\": 1, \"low\": 2, \"high\": 5}}"}
{"op_code":6,"worker_id":"72b3a9e6-0cb1-48d6-8797-5921b169fc27-5092","trial_id":38,"state":1,"values":[1.0],"datetime_complete":"2025-01-26T01:12:14.377690"}
{"op_code":4,"worker_id":"72b3a9e6-0cb1-48d6-8797-5921b169fc27-5092","study_id":0,"datetime_start":"2025-01-26T01:12:14.377690"}
{"op_code":5,"worker_id":"72b3a9e6-0cb1-48d6-8797-5921b169fc27-5092","trial_id":39,"param_name":"n_estimators","param_value_internal":73.0,"distribution":"{\"name\": \"IntDistribution\", \"attributes\": {\"log\": false, \"step\": 1, \"low\": 2, \"high\": 100}}"}
{"op_code":5,"worker_id":"72b3a9e6-0cb1-48d6-8797-5921b169fc27-5092","trial_id":39,"param_name":"max_depth","param_value_internal":9.0,"distribution":"{\"name\": \"IntDistribution\", \"attributes\": {\"log\": false, \"step\": 1, \"low\": 3, \"high\": 15}}"}
{"op_code":5,"worker_id":"72b3a9e6-0cb1-48d6-8797-5921b169fc27-5092","trial_id":39,"param_name":"min_samples_split","param_value_internal":2.0,"distribution":"{\"name\": \"IntDistribution\", \"attributes\": {\"log\": false, \"step\": 1, \"low\": 2, \"high\": 5}}"}
{"op_code":6,"worker_id":"72b3a9e6-0cb1-48d6-8797-5921b169fc27-5092","trial_id":39,"state":1,"values":[1.0],"datetime_complete":"2025-01-26T01:12:14.488119"}
{"op_code":4,"worker_id":"72b3a9e6-0cb1-48d6-8797-5921b169fc27-5092","study_id":0,"datetime_start":"2025-01-26T01:12:14.488119"}
{"op_code":5,"worker_id":"72b3a9e6-0cb1-48d6-8797-5921b169fc27-5092","trial_id":40,"param_name":"n_estimators","param_value_internal":10.0,"distribution":"{\"name\": \"IntDistribution\", \"attributes\": {\"log\": false, \"step\": 1, \"low\": 2, \"high\": 100}}"}
{"op_code":5,"worker_id":"72b3a9e6-0cb1-48d6-8797-5921b169fc27-5092","trial_id":40,"param_name":"max_depth","param_value_internal":4.0,"distribution":"{\"name\": \"IntDistribution\", \"attributes\": {\"log\": false, \"step\": 1, \"low\": 3, \"high\": 15}}"}
{"op_code":5,"worker_id":"72b3a9e6-0cb1-48d6-8797-5921b169fc27-5092","trial_id":40,"param_name":"min_samples_split","param_value_internal":3.0,"distribution":"{\"name\": \"IntDistribution\", \"attributes\": {\"log\": false, \"step\": 1, \"low\": 2, \"high\": 5}}"}
{"op_code":6,"worker_id":"72b3a9e6-0cb1-48d6-8797-5921b169fc27-5092","trial_id":40,"state":1,"values":[1.0],"datetime_complete":"2025-01-26T01:12:14.535477"}
{"op_code":4,"worker_id":"72b3a9e6-0cb1-48d6-8797-5921b169fc27-5092","study_id":0,"datetime_start":"2025-01-26T01:12:14.551626"}
{"op_code":5,"worker_id":"72b3a9e6-0cb1-48d6-8797-5921b169fc27-5092","trial_id":41,"param_name":"n_estimators","param_value_internal":26.0,"distribution":"{\"name\": \"IntDistribution\", \"attributes\": {\"log\": false, \"step\": 1, \"low\": 2, \"high\": 100}}"}
{"op_code":5,"worker_id":"72b3a9e6-0cb1-48d6-8797-5921b169fc27-5092","trial_id":41,"param_name":"max_depth","param_value_internal":5.0,"distribution":"{\"name\": \"IntDistribution\", \"attributes\": {\"log\": false, \"step\": 1, \"low\": 3, \"high\": 15}}"}
{"op_code":5,"worker_id":"72b3a9e6-0cb1-48d6-8797-5921b169fc27-5092","trial_id":41,"param_name":"min_samples_split","param_value_internal":4.0,"distribution":"{\"name\": \"IntDistribution\", \"attributes\": {\"log\": false, \"step\": 1, \"low\": 2, \"high\": 5}}"}
{"op_code":6,"worker_id":"72b3a9e6-0cb1-48d6-8797-5921b169fc27-5092","trial_id":41,"state":1,"values":[1.0],"datetime_complete":"2025-01-26T01:12:14.600939"}
{"op_code":4,"worker_id":"72b3a9e6-0cb1-48d6-8797-5921b169fc27-5092","study_id":0,"datetime_start":"2025-01-26T01:12:14.614288"}
{"op_code":5,"worker_id":"72b3a9e6-0cb1-48d6-8797-5921b169fc27-5092","trial_id":42,"param_name":"n_estimators","param_value_internal":39.0,"distribution":"{\"name\": \"IntDistribution\", \"attributes\": {\"log\": false, \"step\": 1, \"low\": 2, \"high\": 100}}"}
{"op_code":5,"worker_id":"72b3a9e6-0cb1-48d6-8797-5921b169fc27-5092","trial_id":42,"param_name":"max_depth","param_value_internal":3.0,"distribution":"{\"name\": \"IntDistribution\", \"attributes\": {\"log\": false, \"step\": 1, \"low\": 3, \"high\": 15}}"}
{"op_code":5,"worker_id":"72b3a9e6-0cb1-48d6-8797-5921b169fc27-5092","trial_id":42,"param_name":"min_samples_split","param_value_internal":4.0,"distribution":"{\"name\": \"IntDistribution\", \"attributes\": {\"log\": false, \"step\": 1, \"low\": 2, \"high\": 5}}"}
{"op_code":6,"worker_id":"72b3a9e6-0cb1-48d6-8797-5921b169fc27-5092","trial_id":42,"state":1,"values":[1.0],"datetime_complete":"2025-01-26T01:12:14.677898"}
{"op_code":4,"worker_id":"72b3a9e6-0cb1-48d6-8797-5921b169fc27-5092","study_id":0,"datetime_start":"2025-01-26T01:12:14.677898"}
{"op_code":5,"worker_id":"72b3a9e6-0cb1-48d6-8797-5921b169fc27-5092","trial_id":43,"param_name":"n_estimators","param_value_internal":43.0,"distribution":"{\"name\": \"IntDistribution\", \"attributes\": {\"log\": false, \"step\": 1, \"low\": 2, \"high\": 100}}"}
{"op_code":5,"worker_id":"72b3a9e6-0cb1-48d6-8797-5921b169fc27-5092","trial_id":43,"param_name":"max_depth","param_value_internal":4.0,"distribution":"{\"name\": \"IntDistribution\", \"attributes\": {\"log\": false, \"step\": 1, \"low\": 3, \"high\": 15}}"}
{"op_code":5,"worker_id":"72b3a9e6-0cb1-48d6-8797-5921b169fc27-5092","trial_id":43,"param_name":"min_samples_split","param_value_internal":4.0,"distribution":"{\"name\": \"IntDistribution\", \"attributes\": {\"log\": false, \"step\": 1, \"low\": 2, \"high\": 5}}"}
{"op_code":6,"worker_id":"72b3a9e6-0cb1-48d6-8797-5921b169fc27-5092","trial_id":43,"state":1,"values":[1.0],"datetime_complete":"2025-01-26T01:12:14.756852"}
{"op_code":4,"worker_id":"72b3a9e6-0cb1-48d6-8797-5921b169fc27-5092","study_id":0,"datetime_start":"2025-01-26T01:12:14.772579"}
{"op_code":5,"worker_id":"72b3a9e6-0cb1-48d6-8797-5921b169fc27-5092","trial_id":44,"param_name":"n_estimators","param_value_internal":29.0,"distribution":"{\"name\": \"IntDistribution\", \"attributes\": {\"log\": false, \"step\": 1, \"low\": 2, \"high\": 100}}"}
{"op_code":5,"worker_id":"72b3a9e6-0cb1-48d6-8797-5921b169fc27-5092","trial_id":44,"param_name":"max_depth","param_value_internal":5.0,"distribution":"{\"name\": \"IntDistribution\", \"attributes\": {\"log\": false, \"step\": 1, \"low\": 3, \"high\": 15}}"}
{"op_code":5,"worker_id":"72b3a9e6-0cb1-48d6-8797-5921b169fc27-5092","trial_id":44,"param_name":"min_samples_split","param_value_internal":5.0,"distribution":"{\"name\": \"IntDistribution\", \"attributes\": {\"log\": false, \"step\": 1, \"low\": 2, \"high\": 5}}"}
{"op_code":6,"worker_id":"72b3a9e6-0cb1-48d6-8797-5921b169fc27-5092","trial_id":44,"state":1,"values":[1.0],"datetime_complete":"2025-01-26T01:12:14.835530"}
{"op_code":4,"worker_id":"72b3a9e6-0cb1-48d6-8797-5921b169fc27-5092","study_id":0,"datetime_start":"2025-01-26T01:12:14.835530"}
{"op_code":5,"worker_id":"72b3a9e6-0cb1-48d6-8797-5921b169fc27-5092","trial_id":45,"param_name":"n_estimators","param_value_internal":18.0,"distribution":"{\"name\": \"IntDistribution\", \"attributes\": {\"log\": false, \"step\": 1, \"low\": 2, \"high\": 100}}"}
{"op_code":5,"worker_id":"72b3a9e6-0cb1-48d6-8797-5921b169fc27-5092","trial_id":45,"param_name":"max_depth","param_value_internal":7.0,"distribution":"{\"name\": \"IntDistribution\", \"attributes\": {\"log\": false, \"step\": 1, \"low\": 3, \"high\": 15}}"}
{"op_code":5,"worker_id":"72b3a9e6-0cb1-48d6-8797-5921b169fc27-5092","trial_id":45,"param_name":"min_samples_split","param_value_internal":3.0,"distribution":"{\"name\": \"IntDistribution\", \"attributes\": {\"log\": false, \"step\": 1, \"low\": 2, \"high\": 5}}"}
{"op_code":6,"worker_id":"72b3a9e6-0cb1-48d6-8797-5921b169fc27-5092","trial_id":45,"state":1,"values":[1.0],"datetime_complete":"2025-01-26T01:12:14.894939"}
{"op_code":4,"worker_id":"72b3a9e6-0cb1-48d6-8797-5921b169fc27-5092","study_id":0,"datetime_start":"2025-01-26T01:12:14.899439"}
{"op_code":5,"worker_id":"72b3a9e6-0cb1-48d6-8797-5921b169fc27-5092","trial_id":46,"param_name":"n_estimators","param_value_internal":70.0,"distribution":"{\"name\": \"IntDistribution\", \"attributes\": {\"log\": false, \"step\": 1, \"low\": 2, \"high\": 100}}"}
{"op_code":5,"worker_id":"72b3a9e6-0cb1-48d6-8797-5921b169fc27-5092","trial_id":46,"param_name":"max_depth","param_value_internal":6.0,"distribution":"{\"name\": \"IntDistribution\", \"attributes\": {\"log\": false, \"step\": 1, \"low\": 3, \"high\": 15}}"}
{"op_code":5,"worker_id":"72b3a9e6-0cb1-48d6-8797-5921b169fc27-5092","trial_id":46,"param_name":"min_samples_split","param_value_internal":4.0,"distribution":"{\"name\": \"IntDistribution\", \"attributes\": {\"log\": false, \"step\": 1, \"low\": 2, \"high\": 5}}"}
{"op_code":6,"worker_id":"72b3a9e6-0cb1-48d6-8797-5921b169fc27-5092","trial_id":46,"state":1,"values":[1.0],"datetime_complete":"2025-01-26T01:12:14.994042"}
{"op_code":4,"worker_id":"72b3a9e6-0cb1-48d6-8797-5921b169fc27-5092","study_id":0,"datetime_start":"2025-01-26T01:12:15.010010"}
{"op_code":5,"worker_id":"72b3a9e6-0cb1-48d6-8797-5921b169fc27-5092","trial_id":47,"param_name":"n_estimators","param_value_internal":83.0,"distribution":"{\"name\": \"IntDistribution\", \"attributes\": {\"log\": false, \"step\": 1, \"low\": 2, \"high\": 100}}"}
{"op_code":5,"worker_id":"72b3a9e6-0cb1-48d6-8797-5921b169fc27-5092","trial_id":47,"param_name":"max_depth","param_value_internal":10.0,"distribution":"{\"name\": \"IntDistribution\", \"attributes\": {\"log\": false, \"step\": 1, \"low\": 3, \"high\": 15}}"}
{"op_code":5,"worker_id":"72b3a9e6-0cb1-48d6-8797-5921b169fc27-5092","trial_id":47,"param_name":"min_samples_split","param_value_internal":3.0,"distribution":"{\"name\": \"IntDistribution\", \"attributes\": {\"log\": false, \"step\": 1, \"low\": 2, \"high\": 5}}"}
{"op_code":6,"worker_id":"72b3a9e6-0cb1-48d6-8797-5921b169fc27-5092","trial_id":47,"state":1,"values":[1.0],"datetime_complete":"2025-01-26T01:12:15.113328"}
{"op_code":4,"worker_id":"72b3a9e6-0cb1-48d6-8797-5921b169fc27-5092","study_id":0,"datetime_start":"2025-01-26T01:12:15.121821"}
{"op_code":5,"worker_id":"72b3a9e6-0cb1-48d6-8797-5921b169fc27-5092","trial_id":48,"param_name":"n_estimators","param_value_internal":33.0,"distribution":"{\"name\": \"IntDistribution\", \"attributes\": {\"log\": false, \"step\": 1, \"low\": 2, \"high\": 100}}"}
{"op_code":5,"worker_id":"72b3a9e6-0cb1-48d6-8797-5921b169fc27-5092","trial_id":48,"param_name":"max_depth","param_value_internal":3.0,"distribution":"{\"name\": \"IntDistribution\", \"attributes\": {\"log\": false, \"step\": 1, \"low\": 3, \"high\": 15}}"}
{"op_code":5,"worker_id":"72b3a9e6-0cb1-48d6-8797-5921b169fc27-5092","trial_id":48,"param_name":"min_samples_split","param_value_internal":4.0,"distribution":"{\"name\": \"IntDistribution\", \"attributes\": {\"log\": false, \"step\": 1, \"low\": 2, \"high\": 5}}"}
{"op_code":6,"worker_id":"72b3a9e6-0cb1-48d6-8797-5921b169fc27-5092","trial_id":48,"state":1,"values":[1.0],"datetime_complete":"2025-01-26T01:12:15.185646"}
{"op_code":4,"worker_id":"72b3a9e6-0cb1-48d6-8797-5921b169fc27-5092","study_id":0,"datetime_start":"2025-01-26T01:12:15.201451"}
{"op_code":5,"worker_id":"72b3a9e6-0cb1-48d6-8797-5921b169fc27-5092","trial_id":49,"param_name":"n_estimators","param_value_internal":92.0,"distribution":"{\"name\": \"IntDistribution\", \"attributes\": {\"log\": false, \"step\": 1, \"low\": 2, \"high\": 100}}"}
{"op_code":5,"worker_id":"72b3a9e6-0cb1-48d6-8797-5921b169fc27-5092","trial_id":49,"param_name":"max_depth","param_value_internal":11.0,"distribution":"{\"name\": \"IntDistribution\", \"attributes\": {\"log\": false, \"step\": 1, \"low\": 3, \"high\": 15}}"}
{"op_code":5,"worker_id":"72b3a9e6-0cb1-48d6-8797-5921b169fc27-5092","trial_id":49,"param_name":"min_samples_split","param_value_internal":4.0,"distribution":"{\"name\": \"IntDistribution\", \"attributes\": {\"log\": false, \"step\": 1, \"low\": 2, \"high\": 5}}"}
{"op_code":6,"worker_id":"72b3a9e6-0cb1-48d6-8797-5921b169fc27-5092","trial_id":49,"state":1,"values":[1.0],"datetime_complete":"2025-01-26T01:12:15.313801"}
